This file contains any messages produced by compilers while
running configure, to aid debugging if configure makes a mistake.

It was created by Google C++ Mocking Framework configure 1.7.0, which was
generated by GNU Autoconf 2.68.  Invocation command line was

  $ ./configure 

## --------- ##
## Platform. ##
## --------- ##

hostname = mango.local
uname -m = x86_64
uname -r = 14.0.0
uname -s = Darwin
uname -v = Darwin Kernel Version 14.0.0: Tue Sep 23 23:01:41 PDT 2014; root:xnu-2782.1.97~6/RELEASE_X86_64

/usr/bin/uname -p = i386
/bin/uname -X     = unknown

/bin/arch              = unknown
/usr/bin/arch -k       = unknown
/usr/convex/getsysinfo = unknown
/usr/bin/hostinfo      = Mach kernel version:
	 Darwin Kernel Version 14.0.0: Tue Sep 23 23:01:41 PDT 2014; root:xnu-2782.1.97~6/RELEASE_X86_64
Kernel configured for up to 4 processors.
2 processors are physically available.
4 processors are logically available.
Processor type: i486 (Intel 80486)
Processors active: 0 1 2 3
Primary memory available: 8.00 gigabytes
Default processor set: 286 tasks, 1400 threads, 4 processors
Load average: 1.67, Mach factor: 2.32
/bin/machine           = unknown
/usr/bin/oslevel       = unknown
/bin/universe          = unknown

PATH: .git/safe/../../bin
PATH: .git/safe/../../.cabal-sandbox/bin
PATH: .git/safe/../../node_modules/bin
PATH: /Users/lnl/.bin
PATH: /Users/lnl/.sbin
PATH: /Users/lnl/.rbenv/shims
PATH: /usr/local/bin
PATH: /usr/local/sbin
PATH: /usr/bin
PATH: /bin
PATH: /usr/sbin
PATH: /sbin
PATH: /opt/X11/bin
PATH: /Applications/Server.app/Contents/ServerRoot/usr/bin
PATH: /Applications/Server.app/Contents/ServerRoot/usr/sbin
PATH: /usr/texbin
PATH: /usr/local/share/npm/bin
PATH: /Users/lnl/.cabal/bin


## ----------- ##
## Core tests. ##
## ----------- ##

configure:2330: checking for a BSD-compatible install
configure:2398: result: /usr/local/bin/ginstall -c
configure:2409: checking whether build environment is sane
configure:2459: result: yes
configure:2600: checking for a thread-safe mkdir -p
configure:2639: result: /usr/local/bin/gmkdir -p
configure:2652: checking for gawk
configure:2682: result: no
configure:2652: checking for mawk
configure:2682: result: no
configure:2652: checking for nawk
configure:2682: result: no
configure:2652: checking for awk
configure:2668: found /usr/bin/awk
configure:2679: result: awk
configure:2690: checking whether make sets $(MAKE)
configure:2712: result: yes
configure:2842: checking for gcc
configure:2858: found /usr/bin/gcc
configure:2869: result: gcc
configure:3098: checking for C compiler version
configure:3107: gcc --version >&5
Apple LLVM version 6.0 (clang-600.0.51) (based on LLVM 3.5svn)
Target: x86_64-apple-darwin14.0.0
Thread model: posix
Configured with: --prefix=/Applications/Xcode.app/Contents/Developer/usr --with-gxx-include-dir=/usr/include/c++/4.2.1
configure:3118: $? = 0
configure:3107: gcc -v >&5
Configured with: --prefix=/Applications/Xcode.app/Contents/Developer/usr --with-gxx-include-dir=/usr/include/c++/4.2.1
Apple LLVM version 6.0 (clang-600.0.51) (based on LLVM 3.5svn)
Target: x86_64-apple-darwin14.0.0
Thread model: posix
configure:3118: $? = 0
configure:3107: gcc -V >&5
clang: error: argument to '-V' is missing (expected 1 value)
clang: error: no input files
configure:3118: $? = 1
configure:3107: gcc -qversion >&5
clang: error: unknown argument: '-qversion'
clang: error: no input files
configure:3118: $? = 1
configure:3138: checking whether the C compiler works
configure:3160: gcc  -I/opt/X11/include  conftest.c  >&5
configure:3164: $? = 0
configure:3212: result: yes
configure:3215: checking for C compiler default output file name
configure:3217: result: a.out
configure:3223: checking for suffix of executables
configure:3230: gcc -o conftest  -I/opt/X11/include  conftest.c  >&5
configure:3234: $? = 0
configure:3256: result: 
configure:3278: checking whether we are cross compiling
configure:3286: gcc -o conftest  -I/opt/X11/include  conftest.c  >&5
configure:3290: $? = 0
configure:3297: ./conftest
configure:3301: $? = 0
configure:3316: result: no
configure:3321: checking for suffix of object files
configure:3343: gcc -c  -I/opt/X11/include conftest.c >&5
configure:3347: $? = 0
configure:3368: result: o
configure:3372: checking whether we are using the GNU C compiler
configure:3391: gcc -c  -I/opt/X11/include conftest.c >&5
configure:3391: $? = 0
configure:3400: result: yes
configure:3409: checking whether gcc accepts -g
configure:3429: gcc -c -g -I/opt/X11/include conftest.c >&5
configure:3429: $? = 0
configure:3470: result: yes
configure:3487: checking for gcc option to accept ISO C89
configure:3551: gcc  -c -g -O2 -I/opt/X11/include conftest.c >&5
configure:3551: $? = 0
configure:3564: result: none needed
configure:3595: checking for style of include used by make
configure:3623: result: GNU
configure:3649: checking dependency style of gcc
configure:3760: result: gcc3
configure:3833: checking for g++
configure:3849: found /usr/bin/g++
configure:3860: result: g++
configure:3887: checking for C++ compiler version
configure:3896: g++ --version >&5
Apple LLVM version 6.0 (clang-600.0.51) (based on LLVM 3.5svn)
Target: x86_64-apple-darwin14.0.0
Thread model: posix
Configured with: --prefix=/Applications/Xcode.app/Contents/Developer/usr --with-gxx-include-dir=/usr/include/c++/4.2.1
configure:3907: $? = 0
configure:3896: g++ -v >&5
Configured with: --prefix=/Applications/Xcode.app/Contents/Developer/usr --with-gxx-include-dir=/usr/include/c++/4.2.1
Apple LLVM version 6.0 (clang-600.0.51) (based on LLVM 3.5svn)
Target: x86_64-apple-darwin14.0.0
Thread model: posix
configure:3907: $? = 0
configure:3896: g++ -V >&5
clang: error: argument to '-V' is missing (expected 1 value)
clang: error: no input files
configure:3907: $? = 1
configure:3896: g++ -qversion >&5
clang: error: unknown argument: '-qversion'
clang: error: no input files
configure:3907: $? = 1
configure:3911: checking whether we are using the GNU C++ compiler
configure:3930: g++ -c  -I/opt/X11/include conftest.cpp >&5
configure:3930: $? = 0
configure:3939: result: yes
configure:3948: checking whether g++ accepts -g
configure:3968: g++ -c -g -I/opt/X11/include conftest.cpp >&5
configure:3968: $? = 0
configure:4009: result: yes
configure:4034: checking dependency style of g++
configure:4145: result: gcc3
configure:4195: checking build system type
configure:4209: result: x86_64-apple-darwin14.0.0
configure:4229: checking host system type
configure:4242: result: x86_64-apple-darwin14.0.0
configure:4283: checking how to print strings
configure:4310: result: printf
configure:4331: checking for a sed that does not truncate output
configure:4395: result: /usr/local/bin/gsed
configure:4413: checking for grep that handles long lines and -e
configure:4471: result: /usr/bin/grep
configure:4476: checking for egrep
configure:4538: result: /usr/bin/grep -E
configure:4543: checking for fgrep
configure:4605: result: /usr/bin/grep -F
configure:4640: checking for ld used by gcc
configure:4707: result: /Applications/Xcode.app/Contents/Developer/Toolchains/XcodeDefault.xctoolchain/usr/bin/ld
configure:4714: checking if the linker (/Applications/Xcode.app/Contents/Developer/Toolchains/XcodeDefault.xctoolchain/usr/bin/ld) is GNU ld
configure:4729: result: no
configure:4741: checking for BSD- or MS-compatible name lister (nm)
configure:4790: result: /usr/bin/nm
configure:4920: checking the name lister (/usr/bin/nm) interface
configure:4927: g++ -c -g -O2 -I/opt/X11/include conftest.cpp >&5
configure:4930: /usr/bin/nm "conftest.o"
configure:4933: output
0000000000000220 S _some_variable
configure:4940: result: BSD nm
configure:4943: checking whether ln -s works
configure:4947: result: yes
configure:4955: checking the maximum length of command line arguments
configure:5085: result: 196608
configure:5102: checking whether the shell understands some XSI constructs
configure:5112: result: yes
configure:5116: checking whether the shell understands "+="
configure:5122: result: yes
configure:5157: checking how to convert x86_64-apple-darwin14.0.0 file names to x86_64-apple-darwin14.0.0 format
configure:5197: result: func_convert_file_noop
configure:5204: checking how to convert x86_64-apple-darwin14.0.0 file names to toolchain format
configure:5224: result: func_convert_file_noop
configure:5231: checking for /Applications/Xcode.app/Contents/Developer/Toolchains/XcodeDefault.xctoolchain/usr/bin/ld option to reload object files
configure:5238: result: -r
configure:5312: checking for objdump
configure:5342: result: no
configure:5371: checking how to recognize dependent libraries
configure:5573: result: pass_all
configure:5658: checking for dlltool
configure:5688: result: no
configure:5718: checking how to associate runtime and link libraries
configure:5745: result: printf %s\n
configure:5806: checking for ar
configure:5822: found /usr/bin/ar
configure:5833: result: ar
configure:5870: checking for archiver @FILE support
configure:5887: g++ -c -g -O2 -I/opt/X11/include conftest.cpp >&5
configure:5887: $? = 0
configure:5890: ar cru libconftest.a @conftest.lst >&5
ar: @conftest.lst: No such file or directory
configure:5893: $? = 1
configure:5913: result: no
configure:5971: checking for strip
configure:5987: found /usr/bin/strip
configure:5998: result: strip
configure:6070: checking for ranlib
configure:6086: found /usr/bin/ranlib
configure:6097: result: ranlib
configure:6199: checking command to parse /usr/bin/nm output from gcc object
configure:6319: g++ -c -g -O2 -I/opt/X11/include conftest.cpp >&5
configure:6322: $? = 0
configure:6326: /usr/bin/nm conftest.o \| sed -n -e 's/^.*[ ]\([BCDEGRST][BCDEGRST]*\)[ ][ ]*\([_A-Za-z][_A-Za-z0-9]*\)$/\1 \2 \2/p' | sed '/ __gnu_lto/d' \> conftest.nm
configure:6329: $? = 0
cannot find nm_test_var in conftest.nm
configure:6319: g++ -c -g -O2 -I/opt/X11/include conftest.cpp >&5
configure:6322: $? = 0
configure:6326: /usr/bin/nm conftest.o \| sed -n -e 's/^.*[ ]\([BCDEGRST][BCDEGRST]*\)[ ][ ]*_\([_A-Za-z][_A-Za-z0-9]*\)$/\1 _\2 \2/p' | sed '/ __gnu_lto/d' \> conftest.nm
configure:6329: $? = 0
configure:6395: g++ -o conftest -g -O2 -I/opt/X11/include  conftest.cpp conftstm.o >&5
configure:6398: $? = 0
configure:6436: result: ok
configure:6473: checking for sysroot
configure:6503: result: no
configure:6760: checking for mt
configure:6790: result: no
configure:6810: checking if : is a manifest tool
configure:6816: : '-?'
configure:6824: result: no
configure:6880: checking for dsymutil
configure:6896: found /usr/bin/dsymutil
configure:6907: result: dsymutil
configure:6972: checking for nmedit
configure:6988: found /usr/bin/nmedit
configure:6999: result: nmedit
configure:7064: checking for lipo
configure:7080: found /usr/bin/lipo
configure:7091: result: lipo
configure:7156: checking for otool
configure:7172: found /usr/bin/otool
configure:7183: result: otool
configure:7248: checking for otool64
configure:7278: result: no
configure:7323: checking for -single_module linker flag
gcc -g -O2  -o libconftest.dylib -dynamiclib -Wl,-single_module conftest.c
configure:7356: result: yes
configure:7359: checking for -exported_symbols_list linker flag
configure:7379: g++ -o conftest -g -O2 -I/opt/X11/include  -Wl,-exported_symbols_list,conftest.sym conftest.cpp  >&5
configure:7379: $? = 0
configure:7389: result: yes
configure:7392: checking for -force_load linker flag
gcc -g -O2 -c -o conftest.o conftest.c
ar cru libconftest.a conftest.o
ranlib libconftest.a
gcc -g -O2  -o conftest conftest.c -Wl,-force_load,./libconftest.a
configure:7424: result: yes
configure:7466: checking how to run the C preprocessor
configure:7497: gcc -E -I/opt/X11/include conftest.c
configure:7497: $? = 0
configure:7511: gcc -E -I/opt/X11/include conftest.c
conftest.c:11:10: fatal error: 'ac_nonexistent.h' file not found
#include <ac_nonexistent.h>
         ^
1 error generated.
configure:7511: $? = 1
configure: failed program was:
| /* confdefs.h */
| #define PACKAGE_NAME "Google C++ Mocking Framework"
| #define PACKAGE_TARNAME "gmock"
| #define PACKAGE_VERSION "1.7.0"
| #define PACKAGE_STRING "Google C++ Mocking Framework 1.7.0"
| #define PACKAGE_BUGREPORT "googlemock@googlegroups.com"
| #define PACKAGE_URL ""
| #define PACKAGE "gmock"
| #define VERSION "1.7.0"
| /* end confdefs.h.  */
| #include <ac_nonexistent.h>
configure:7536: result: gcc -E
configure:7556: gcc -E -I/opt/X11/include conftest.c
configure:7556: $? = 0
configure:7570: gcc -E -I/opt/X11/include conftest.c
conftest.c:11:10: fatal error: 'ac_nonexistent.h' file not found
#include <ac_nonexistent.h>
         ^
1 error generated.
configure:7570: $? = 1
configure: failed program was:
| /* confdefs.h */
| #define PACKAGE_NAME "Google C++ Mocking Framework"
| #define PACKAGE_TARNAME "gmock"
| #define PACKAGE_VERSION "1.7.0"
| #define PACKAGE_STRING "Google C++ Mocking Framework 1.7.0"
| #define PACKAGE_BUGREPORT "googlemock@googlegroups.com"
| #define PACKAGE_URL ""
| #define PACKAGE "gmock"
| #define VERSION "1.7.0"
| /* end confdefs.h.  */
| #include <ac_nonexistent.h>
configure:7599: checking for ANSI C header files
configure:7619: gcc -c -g -O2 -I/opt/X11/include conftest.c >&5
configure:7619: $? = 0
configure:7692: gcc -o conftest -g -O2 -I/opt/X11/include  conftest.c  >&5
configure:7692: $? = 0
configure:7692: ./conftest
configure:7692: $? = 0
configure:7703: result: yes
configure:7716: checking for sys/types.h
configure:7716: gcc -c -g -O2 -I/opt/X11/include conftest.c >&5
configure:7716: $? = 0
configure:7716: result: yes
configure:7716: checking for sys/stat.h
configure:7716: gcc -c -g -O2 -I/opt/X11/include conftest.c >&5
configure:7716: $? = 0
configure:7716: result: yes
configure:7716: checking for stdlib.h
configure:7716: gcc -c -g -O2 -I/opt/X11/include conftest.c >&5
configure:7716: $? = 0
configure:7716: result: yes
configure:7716: checking for string.h
configure:7716: gcc -c -g -O2 -I/opt/X11/include conftest.c >&5
configure:7716: $? = 0
configure:7716: result: yes
configure:7716: checking for memory.h
configure:7716: gcc -c -g -O2 -I/opt/X11/include conftest.c >&5
configure:7716: $? = 0
configure:7716: result: yes
configure:7716: checking for strings.h
configure:7716: gcc -c -g -O2 -I/opt/X11/include conftest.c >&5
configure:7716: $? = 0
configure:7716: result: yes
configure:7716: checking for inttypes.h
configure:7716: gcc -c -g -O2 -I/opt/X11/include conftest.c >&5
configure:7716: $? = 0
configure:7716: result: yes
configure:7716: checking for stdint.h
configure:7716: gcc -c -g -O2 -I/opt/X11/include conftest.c >&5
configure:7716: $? = 0
configure:7716: result: yes
configure:7716: checking for unistd.h
configure:7716: gcc -c -g -O2 -I/opt/X11/include conftest.c >&5
configure:7716: $? = 0
configure:7716: result: yes
configure:7730: checking for dlfcn.h
configure:7730: gcc -c -g -O2 -I/opt/X11/include conftest.c >&5
configure:7730: $? = 0
configure:7730: result: yes
configure:7946: checking for objdir
configure:7961: result: .libs
configure:8228: checking if gcc supports -fno-rtti -fno-exceptions
configure:8246: gcc -c -g -O2 -I/opt/X11/include -fno-rtti -fno-exceptions conftest.c >&5
configure:8250: $? = 0
configure:8263: result: yes
configure:8590: checking for gcc option to produce PIC
configure:8597: result: -fno-common -DPIC
configure:8605: checking if gcc PIC flag -fno-common -DPIC works
configure:8623: gcc -c -g -O2 -I/opt/X11/include -fno-common -DPIC -DPIC conftest.c >&5
configure:8627: $? = 0
configure:8640: result: yes
configure:8669: checking if gcc static flag -static works
configure:8697: result: no
configure:8712: checking if gcc supports -c -o file.o
configure:8733: gcc -c -g -O2 -I/opt/X11/include -o out/conftest2.o conftest.c >&5
configure:8737: $? = 0
configure:8759: result: yes
configure:8767: checking if gcc supports -c -o file.o
configure:8814: result: yes
configure:8847: checking whether the gcc linker (/Applications/Xcode.app/Contents/Developer/Toolchains/XcodeDefault.xctoolchain/usr/bin/ld) supports shared libraries
configure:10004: result: yes
configure:10244: checking dynamic linker characteristics
configure:10989: result: darwin14.0.0 dyld
configure:11096: checking how to hardcode library paths into programs
configure:11121: result: immediate
configure:11661: checking whether stripping libraries is possible
configure:11675: result: yes
configure:11701: checking if libtool supports shared libraries
configure:11703: result: yes
configure:11706: checking whether to build shared libraries
configure:11727: result: yes
configure:11730: checking whether to build static libraries
configure:11734: result: yes
configure:11757: checking how to run the C++ preprocessor
configure:11784: g++ -E -I/opt/X11/include conftest.cpp
configure:11784: $? = 0
configure:11798: g++ -E -I/opt/X11/include conftest.cpp
conftest.cpp:23:10: fatal error: 'ac_nonexistent.h' file not found
#include <ac_nonexistent.h>
         ^
1 error generated.
configure:11798: $? = 1
configure: failed program was:
| /* confdefs.h */
| #define PACKAGE_NAME "Google C++ Mocking Framework"
| #define PACKAGE_TARNAME "gmock"
| #define PACKAGE_VERSION "1.7.0"
| #define PACKAGE_STRING "Google C++ Mocking Framework 1.7.0"
| #define PACKAGE_BUGREPORT "googlemock@googlegroups.com"
| #define PACKAGE_URL ""
| #define PACKAGE "gmock"
| #define VERSION "1.7.0"
| #define STDC_HEADERS 1
| #define HAVE_SYS_TYPES_H 1
| #define HAVE_SYS_STAT_H 1
| #define HAVE_STDLIB_H 1
| #define HAVE_STRING_H 1
| #define HAVE_MEMORY_H 1
| #define HAVE_STRINGS_H 1
| #define HAVE_INTTYPES_H 1
| #define HAVE_STDINT_H 1
| #define HAVE_UNISTD_H 1
| #define HAVE_DLFCN_H 1
| #define LT_OBJDIR ".libs/"
| /* end confdefs.h.  */
| #include <ac_nonexistent.h>
configure:11823: result: g++ -E
configure:11843: g++ -E -I/opt/X11/include conftest.cpp
configure:11843: $? = 0
configure:11857: g++ -E -I/opt/X11/include conftest.cpp
conftest.cpp:23:10: fatal error: 'ac_nonexistent.h' file not found
#include <ac_nonexistent.h>
         ^
1 error generated.
configure:11857: $? = 1
configure: failed program was:
| /* confdefs.h */
| #define PACKAGE_NAME "Google C++ Mocking Framework"
| #define PACKAGE_TARNAME "gmock"
| #define PACKAGE_VERSION "1.7.0"
| #define PACKAGE_STRING "Google C++ Mocking Framework 1.7.0"
| #define PACKAGE_BUGREPORT "googlemock@googlegroups.com"
| #define PACKAGE_URL ""
| #define PACKAGE "gmock"
| #define VERSION "1.7.0"
| #define STDC_HEADERS 1
| #define HAVE_SYS_TYPES_H 1
| #define HAVE_SYS_STAT_H 1
| #define HAVE_STDLIB_H 1
| #define HAVE_STRING_H 1
| #define HAVE_MEMORY_H 1
| #define HAVE_STRINGS_H 1
| #define HAVE_INTTYPES_H 1
| #define HAVE_STDINT_H 1
| #define HAVE_UNISTD_H 1
| #define HAVE_DLFCN_H 1
| #define LT_OBJDIR ".libs/"
| /* end confdefs.h.  */
| #include <ac_nonexistent.h>
configure:12026: checking for ld used by g++
configure:12093: result: /Applications/Xcode.app/Contents/Developer/Toolchains/XcodeDefault.xctoolchain/usr/bin/ld
configure:12100: checking if the linker (/Applications/Xcode.app/Contents/Developer/Toolchains/XcodeDefault.xctoolchain/usr/bin/ld) is GNU ld
configure:12115: result: no
configure:12170: checking whether the g++ linker (/Applications/Xcode.app/Contents/Developer/Toolchains/XcodeDefault.xctoolchain/usr/bin/ld) supports shared libraries
configure:13175: result: yes
configure:13211: g++ -c -g -O2 -I/opt/X11/include conftest.cpp >&5
configure:13214: $? = 0
configure:13734: checking for g++ option to produce PIC
configure:13741: result: -fno-common -DPIC
configure:13749: checking if g++ PIC flag -fno-common -DPIC works
configure:13767: g++ -c -g -O2 -I/opt/X11/include -fno-common -DPIC -DPIC conftest.cpp >&5
configure:13771: $? = 0
configure:13784: result: yes
configure:13807: checking if g++ static flag -static works
configure:13835: result: no
configure:13847: checking if g++ supports -c -o file.o
configure:13868: g++ -c -g -O2 -I/opt/X11/include -o out/conftest2.o conftest.cpp >&5
configure:13872: $? = 0
configure:13894: result: yes
configure:13899: checking if g++ supports -c -o file.o
configure:13946: result: yes
configure:13976: checking whether the g++ linker (/Applications/Xcode.app/Contents/Developer/Toolchains/XcodeDefault.xctoolchain/usr/bin/ld) supports shared libraries
configure:14015: result: yes
configure:14156: checking dynamic linker characteristics
configure:14835: result: darwin14.0.0 dyld
configure:14888: checking how to hardcode library paths into programs
configure:14913: result: immediate
configure:14983: checking for python
configure:15001: found /usr/local/bin/python
configure:15014: result: /usr/local/bin/python
configure:15032: /usr/local/bin/python -c import sys # split strings by '.' and convert to numeric. Append some zeros # because we need at least 4 digits for the hex conversion. # map returns an iterator in Python 3.0 and a list in 2.x minver = list(map(int, '2.3'.split('.'))) + [0, 0, 0] minverhex = 0 # xrange is not present in Python 3.0 and range returns an iterator for i in list(range(0, 4)): minverhex = (minverhex << 8) + minver[i] sys.exit(sys.hexversion < minverhex)
configure:15035: $? = 0
configure:15230: checking for the pthreads library -lpthreads
configure:15263: gcc -o conftest -g -O2  -I/opt/X11/include  conftest.c -lpthreads  >&5
ld: library not found for -lpthreads
clang: error: linker command failed with exit code 1 (use -v to see invocation)
configure:15263: $? = 1
configure: failed program was:
| /* confdefs.h */
| #define PACKAGE_NAME "Google C++ Mocking Framework"
| #define PACKAGE_TARNAME "gmock"
| #define PACKAGE_VERSION "1.7.0"
| #define PACKAGE_STRING "Google C++ Mocking Framework 1.7.0"
| #define PACKAGE_BUGREPORT "googlemock@googlegroups.com"
| #define PACKAGE_URL ""
| #define PACKAGE "gmock"
| #define VERSION "1.7.0"
| #define STDC_HEADERS 1
| #define HAVE_SYS_TYPES_H 1
| #define HAVE_SYS_STAT_H 1
| #define HAVE_STDLIB_H 1
| #define HAVE_STRING_H 1
| #define HAVE_MEMORY_H 1
| #define HAVE_STRINGS_H 1
| #define HAVE_INTTYPES_H 1
| #define HAVE_STDINT_H 1
| #define HAVE_UNISTD_H 1
| #define HAVE_DLFCN_H 1
| #define LT_OBJDIR ".libs/"
| /* end confdefs.h.  */
| #include <pthread.h>
| int
| main ()
| {
| pthread_t th; pthread_join(th, 0);
|                      pthread_attr_init(0); pthread_cleanup_push(0, 0);
|                      pthread_create(0,0,0,0); pthread_cleanup_pop(0);
|   ;
|   return 0;
| }
configure:15272: result: no
configure:15175: checking whether pthreads work without any flags
configure:15263: gcc -o conftest -g -O2  -I/opt/X11/include  conftest.c   >&5
configure:15263: $? = 0
configure:15272: result: yes
configure:15291: checking for joinable pthread attribute
configure:15306: gcc -o conftest -g -O2  -I/opt/X11/include  conftest.c   >&5
configure:15306: $? = 0
configure:15312: result: PTHREAD_CREATE_JOINABLE
configure:15322: checking if more special flags are required for pthreads
configure:15329: result: -D_THREAD_SAFE
configure:15418: checking whether to check for GCC pthread/shared inconsistencies
configure:15431: gcc -o conftest -shared -fPIC -Wl,-z,defs -g -O2 -D_THREAD_SAFE  -I/opt/X11/include  conftest.c   >&5
ld: unknown option: -z
clang: error: linker command failed with exit code 1 (use -v to see invocation)
configure:15431: $? = 1
configure: failed program was:
| /* confdefs.h */
| #define PACKAGE_NAME "Google C++ Mocking Framework"
| #define PACKAGE_TARNAME "gmock"
| #define PACKAGE_VERSION "1.7.0"
| #define PACKAGE_STRING "Google C++ Mocking Framework 1.7.0"
| #define PACKAGE_BUGREPORT "googlemock@googlegroups.com"
| #define PACKAGE_URL ""
| #define PACKAGE "gmock"
| #define VERSION "1.7.0"
| #define STDC_HEADERS 1
| #define HAVE_SYS_TYPES_H 1
| #define HAVE_SYS_STAT_H 1
| #define HAVE_STDLIB_H 1
| #define HAVE_STRING_H 1
| #define HAVE_MEMORY_H 1
| #define HAVE_STRINGS_H 1
| #define HAVE_INTTYPES_H 1
| #define HAVE_STDINT_H 1
| #define HAVE_UNISTD_H 1
| #define HAVE_DLFCN_H 1
| #define LT_OBJDIR ".libs/"
| /* end confdefs.h.  */
| 
| int
| main ()
| {
| 
|   ;
|   return 0;
| }
configure:15440: result: no
configure:15666: checking for gtest-config
configure:15699: result: no
configure:15886: creating ./config.status

## ---------------------- ##
## Running config.status. ##
## ---------------------- ##

This file was extended by Google C++ Mocking Framework config.status 1.7.0, which was
generated by GNU Autoconf 2.68.  Invocation command line was

  CONFIG_FILES    = 
  CONFIG_HEADERS  = 
  CONFIG_LINKS    = 
  CONFIG_COMMANDS = 
  $ ./config.status 

on mango.local

config.status:1166: creating Makefile
config.status:1166: creating scripts/gmock-config
config.status:1166: creating build-aux/config.h
config.status:1395: executing depfiles commands
config.status:1395: executing libtool commands
configure:18457: === configuring in gtest (/Users/lnl/Desktop/gmock-1.7.0/gtest)
configure:18520: running /bin/sh ./configure --disable-option-checking '--prefix=/usr/local'  'CPPFLAGS=-I/opt/X11/include' --cache-file=/dev/null --srcdir=.

## ---------------- ##
## Cache variables. ##
## ---------------- ##

ac_cv_build=x86_64-apple-darwin14.0.0
ac_cv_c_compiler_gnu=yes
ac_cv_cxx_compiler_gnu=yes
ac_cv_env_CCC_set=
ac_cv_env_CCC_value=
ac_cv_env_CC_set=
ac_cv_env_CC_value=
ac_cv_env_CFLAGS_set=
ac_cv_env_CFLAGS_value=
ac_cv_env_CPPFLAGS_set=set
ac_cv_env_CPPFLAGS_value=-I/opt/X11/include
ac_cv_env_CPP_set=
ac_cv_env_CPP_value=
ac_cv_env_CXXCPP_set=
ac_cv_env_CXXCPP_value=
ac_cv_env_CXXFLAGS_set=
ac_cv_env_CXXFLAGS_value=
ac_cv_env_CXX_set=
ac_cv_env_CXX_value=
ac_cv_env_GTEST_CONFIG_set=
ac_cv_env_GTEST_CONFIG_value=
ac_cv_env_GTEST_CPPFLAGS_set=
ac_cv_env_GTEST_CPPFLAGS_value=
ac_cv_env_GTEST_CXXFLAGS_set=
ac_cv_env_GTEST_CXXFLAGS_value=
ac_cv_env_GTEST_LDFLAGS_set=
ac_cv_env_GTEST_LDFLAGS_value=
ac_cv_env_GTEST_LIBS_set=
ac_cv_env_GTEST_LIBS_value=
ac_cv_env_GTEST_VERSION_set=
ac_cv_env_GTEST_VERSION_value=
ac_cv_env_LDFLAGS_set=
ac_cv_env_LDFLAGS_value=
ac_cv_env_LIBS_set=
ac_cv_env_LIBS_value=
ac_cv_env_build_alias_set=
ac_cv_env_build_alias_value=
ac_cv_env_host_alias_set=
ac_cv_env_host_alias_value=
ac_cv_env_target_alias_set=
ac_cv_env_target_alias_value=
ac_cv_header_dlfcn_h=yes
ac_cv_header_inttypes_h=yes
ac_cv_header_memory_h=yes
ac_cv_header_stdc=yes
ac_cv_header_stdint_h=yes
ac_cv_header_stdlib_h=yes
ac_cv_header_string_h=yes
ac_cv_header_strings_h=yes
ac_cv_header_sys_stat_h=yes
ac_cv_header_sys_types_h=yes
ac_cv_header_unistd_h=yes
ac_cv_host=x86_64-apple-darwin14.0.0
ac_cv_objext=o
ac_cv_path_EGREP='/usr/bin/grep -E'
ac_cv_path_FGREP='/usr/bin/grep -F'
ac_cv_path_GREP=/usr/bin/grep
ac_cv_path_PYTHON=/usr/local/bin/python
ac_cv_path_SED=/usr/local/bin/gsed
ac_cv_path_install='/usr/local/bin/ginstall -c'
ac_cv_path_mkdir=/usr/local/bin/gmkdir
ac_cv_prog_AWK=awk
ac_cv_prog_CPP='gcc -E'
ac_cv_prog_CXXCPP='g++ -E'
ac_cv_prog_ac_ct_AR=ar
ac_cv_prog_ac_ct_CC=gcc
ac_cv_prog_ac_ct_CXX=g++
ac_cv_prog_ac_ct_DSYMUTIL=dsymutil
ac_cv_prog_ac_ct_LIPO=lipo
ac_cv_prog_ac_ct_NMEDIT=nmedit
ac_cv_prog_ac_ct_OTOOL=otool
ac_cv_prog_ac_ct_RANLIB=ranlib
ac_cv_prog_ac_ct_STRIP=strip
ac_cv_prog_cc_c89=
ac_cv_prog_cc_g=yes
ac_cv_prog_cxx_g=yes
ac_cv_prog_make_make_set=yes
am_cv_CC_dependencies_compiler_type=gcc3
am_cv_CXX_dependencies_compiler_type=gcc3
lt_cv_apple_cc_single_mod=yes
lt_cv_ar_at_file=no
lt_cv_deplibs_check_method=pass_all
lt_cv_file_magic_cmd='$MAGIC_CMD'
lt_cv_file_magic_test_file=
lt_cv_ld_exported_symbols_list=yes
lt_cv_ld_force_load=yes
lt_cv_ld_reload_flag=-r
lt_cv_nm_interface='BSD nm'
lt_cv_objdir=.libs
lt_cv_path_LD=/Applications/Xcode.app/Contents/Developer/Toolchains/XcodeDefault.xctoolchain/usr/bin/ld
lt_cv_path_LDCXX=/Applications/Xcode.app/Contents/Developer/Toolchains/XcodeDefault.xctoolchain/usr/bin/ld
lt_cv_path_NM=/usr/bin/nm
lt_cv_path_mainfest_tool=no
lt_cv_prog_compiler_c_o=yes
lt_cv_prog_compiler_c_o_CXX=yes
lt_cv_prog_compiler_pic='-fno-common -DPIC'
lt_cv_prog_compiler_pic_CXX='-fno-common -DPIC'
lt_cv_prog_compiler_pic_works=yes
lt_cv_prog_compiler_pic_works_CXX=yes
lt_cv_prog_compiler_rtti_exceptions=yes
lt_cv_prog_compiler_static_works=no
lt_cv_prog_compiler_static_works_CXX=no
lt_cv_prog_gnu_ld=no
lt_cv_prog_gnu_ldcxx=no
lt_cv_sharedlib_from_linklib_cmd='printf %s\n'
lt_cv_sys_global_symbol_pipe='sed -n -e '\''s/^.*[	 ]\([BCDEGRST][BCDEGRST]*\)[	 ][	 ]*_\([_A-Za-z][_A-Za-z0-9]*\)$/\1 _\2 \2/p'\'' | sed '\''/ __gnu_lto/d'\'''
lt_cv_sys_global_symbol_to_c_name_address='sed -n -e '\''s/^: \([^ ]*\)[ ]*$/  {\"\1\", (void *) 0},/p'\'' -e '\''s/^[BCDEGRST]* \([^ ]*\) \([^ ]*\)$/  {"\2", (void *) \&\2},/p'\'''
lt_cv_sys_global_symbol_to_c_name_address_lib_prefix='sed -n -e '\''s/^: \([^ ]*\)[ ]*$/  {\"\1\", (void *) 0},/p'\'' -e '\''s/^[BCDEGRST]* \([^ ]*\) \(lib[^ ]*\)$/  {"\2", (void *) \&\2},/p'\'' -e '\''s/^[BCDEGRST]* \([^ ]*\) \([^ ]*\)$/  {"lib\2", (void *) \&\2},/p'\'''
lt_cv_sys_global_symbol_to_cdecl='sed -n -e '\''s/^T .* \(.*\)$/extern int \1();/p'\'' -e '\''s/^[BCDEGRST]* .* \(.*\)$/extern char \1;/p'\'''
lt_cv_sys_max_cmd_len=196608
lt_cv_to_host_file_cmd=func_convert_file_noop
lt_cv_to_tool_file_cmd=func_convert_file_noop

## ----------------- ##
## Output variables. ##
## ----------------- ##

ACLOCAL='${SHELL} /Users/lnl/Desktop/gmock-1.7.0/build-aux/missing --run aclocal-1.11'
AMDEPBACKSLASH='\'
AMDEP_FALSE='#'
AMDEP_TRUE=''
AMTAR='$${TAR-tar}'
AR='ar'
AUTOCONF='${SHELL} /Users/lnl/Desktop/gmock-1.7.0/build-aux/missing --run autoconf'
AUTOHEADER='${SHELL} /Users/lnl/Desktop/gmock-1.7.0/build-aux/missing --run autoheader'
AUTOMAKE='${SHELL} /Users/lnl/Desktop/gmock-1.7.0/build-aux/missing --run automake-1.11'
AWK='awk'
CC='gcc'
CCDEPMODE='depmode=gcc3'
CFLAGS='-g -O2'
CPP='gcc -E'
CPPFLAGS='-I/opt/X11/include'
CXX='g++'
CXXCPP='g++ -E'
CXXDEPMODE='depmode=gcc3'
CXXFLAGS='-g -O2'
CYGPATH_W='echo'
DEFS='-DHAVE_CONFIG_H'
DEPDIR='.deps'
DLLTOOL='false'
DSYMUTIL='dsymutil'
DUMPBIN=''
ECHO_C='\c'
ECHO_N=''
ECHO_T=''
EGREP='/usr/bin/grep -E'
EXEEXT=''
FGREP='/usr/bin/grep -F'
GREP='/usr/bin/grep'
GTEST_CONFIG='/Users/lnl/Desktop/gmock-1.7.0/gtest/scripts/gtest-config'
GTEST_CPPFLAGS='-I$(top_srcdir)/gtest/include'
GTEST_CXXFLAGS='-g'
GTEST_LDFLAGS=''
GTEST_LIBS='$(top_builddir)/gtest/lib/libgtest.la'
GTEST_VERSION='1.7.0'
HAVE_PTHREADS_FALSE='#'
HAVE_PTHREADS_TRUE=''
HAVE_PYTHON_FALSE='#'
HAVE_PYTHON_TRUE=''
INSTALL_DATA='${INSTALL} -m 644'
INSTALL_PROGRAM='${INSTALL}'
INSTALL_SCRIPT='${INSTALL}'
INSTALL_STRIP_PROGRAM='$(install_sh) -c -s'
LD='/Applications/Xcode.app/Contents/Developer/Toolchains/XcodeDefault.xctoolchain/usr/bin/ld'
LDFLAGS=''
LIBOBJS=''
LIBS=''
LIBTOOL='$(SHELL) $(top_builddir)/libtool'
LIPO='lipo'
LN_S='ln -s'
LTLIBOBJS=''
MAKEINFO='${SHELL} /Users/lnl/Desktop/gmock-1.7.0/build-aux/missing --run makeinfo'
MANIFEST_TOOL=':'
MKDIR_P='/usr/local/bin/gmkdir -p'
NM='/usr/bin/nm'
NMEDIT='nmedit'
OBJDUMP='false'
OBJEXT='o'
OTOOL64=':'
OTOOL='otool'
PACKAGE='gmock'
PACKAGE_BUGREPORT='googlemock@googlegroups.com'
PACKAGE_NAME='Google C++ Mocking Framework'
PACKAGE_STRING='Google C++ Mocking Framework 1.7.0'
PACKAGE_TARNAME='gmock'
PACKAGE_URL=''
PACKAGE_VERSION='1.7.0'
PATH_SEPARATOR=':'
PTHREAD_CC='gcc'
PTHREAD_CFLAGS='-D_THREAD_SAFE '
PTHREAD_LIBS=''
PYTHON='/usr/local/bin/python'
RANLIB='ranlib'
SED='/usr/local/bin/gsed'
SET_MAKE=''
SHELL='/bin/sh'
STRIP='strip'
VERSION='1.7.0'
ac_ct_AR='ar'
ac_ct_CC='gcc'
ac_ct_CXX='g++'
ac_ct_DUMPBIN=''
acx_pthread_config=''
am__EXEEXT_FALSE=''
am__EXEEXT_TRUE='#'
am__fastdepCC_FALSE='#'
am__fastdepCC_TRUE=''
am__fastdepCXX_FALSE='#'
am__fastdepCXX_TRUE=''
am__include='include'
am__isrc=''
am__leading_dot='.'
am__nodep='_no'
am__quote=''
am__tar='$${TAR-tar} chof - "$$tardir"'
am__untar='$${TAR-tar} xf -'
bindir='${exec_prefix}/bin'
build='x86_64-apple-darwin14.0.0'
build_alias=''
build_cpu='x86_64'
build_os='darwin14.0.0'
build_vendor='apple'
datadir='${datarootdir}'
datarootdir='${prefix}/share'
docdir='${datarootdir}/doc/${PACKAGE_TARNAME}'
dvidir='${docdir}'
exec_prefix='${prefix}'
host='x86_64-apple-darwin14.0.0'
host_alias=''
host_cpu='x86_64'
host_os='darwin14.0.0'
host_vendor='apple'
htmldir='${docdir}'
includedir='${prefix}/include'
infodir='${datarootdir}/info'
install_sh='${SHELL} /Users/lnl/Desktop/gmock-1.7.0/build-aux/install-sh'
libdir='${exec_prefix}/lib'
libexecdir='${exec_prefix}/libexec'
localedir='${datarootdir}/locale'
localstatedir='${prefix}/var'
mandir='${datarootdir}/man'
mkdir_p='/usr/local/bin/gmkdir -p'
oldincludedir='/usr/include'
pdfdir='${docdir}'
prefix='/usr/local'
program_transform_name='s,x,x,'
psdir='${docdir}'
sbindir='${exec_prefix}/sbin'
sharedstatedir='${prefix}/com'
subdirs=' gtest'
sysconfdir='${prefix}/etc'
target_alias=''

## ----------- ##
## confdefs.h. ##
## ----------- ##

/* confdefs.h */
#define PACKAGE_NAME "Google C++ Mocking Framework"
#define PACKAGE_TARNAME "gmock"
#define PACKAGE_VERSION "1.7.0"
#define PACKAGE_STRING "Google C++ Mocking Framework 1.7.0"
#define PACKAGE_BUGREPORT "googlemock@googlegroups.com"
#define PACKAGE_URL ""
#define PACKAGE "gmock"
#define VERSION "1.7.0"
#define STDC_HEADERS 1
#define HAVE_SYS_TYPES_H 1
#define HAVE_SYS_STAT_H 1
#define HAVE_STDLIB_H 1
#define HAVE_STRING_H 1
#define HAVE_MEMORY_H 1
#define HAVE_STRINGS_H 1
#define HAVE_INTTYPES_H 1
#define HAVE_STDINT_H 1
#define HAVE_UNISTD_H 1
#define HAVE_DLFCN_H 1
#define LT_OBJDIR ".libs/"
#define HAVE_PTHREAD 1

configure: exit 0
